<?xml version="1.0" encoding="UTF-8"?>
<!-- Generated by org.testng.reporters.JUnitXMLReporter -->
<testsuite ignored="0" hostname="DESKTOP-AACVGQJ" failures="0" tests="3" name="Chrome_Win10" time="2.425" errors="0" timestamp="2025-12-27T03:23:28 IST">
  <testcase classname="com.lambdatest.TestScenario_1" name="@BeforeMethod setup" time="1.907">
    <failure type="org.openqa.selenium.SessionNotCreatedException" message="Could not start a new session. Response code 401. Message: LT01KDEAE1BBYA21VF6KG16JN80E-HRMV7-AP-SOUTH-1: Please include  `user` &amp;amp; `accessKey` in desired capabilities 
Host info: host: &amp;apos;DESKTOP-AACVGQJ&amp;apos;, ip: &amp;apos;192.168.1.39&amp;apos;
Build info: version: &amp;apos;4.38.0&amp;apos;, revision: &amp;apos;6b412e825c*&amp;apos;
System info: os.name: &amp;apos;Windows 10&amp;apos;, os.arch: &amp;apos;amd64&amp;apos;, os.version: &amp;apos;10.0&amp;apos;, java.version: &amp;apos;17.0.10&amp;apos;
Driver info: org.openqa.selenium.remote.RemoteWebDriver
Command: [null, newSession {capabilities=[Capabilities {LT:Options: {accessKey: null, build: Selenium 101 Assignment, console: true, name: Test Scenario 1, network: true, selenium_version: 4.0.0, username: null, video: true, visual: true, w3c: true}, browserName: chrome, browserVersion: latest, goog:chromeOptions: {args: [], extensions: []}, platformName: Windows 10}]}]
Capabilities {LT:Options: {accessKey: null, build: Selenium 101 Assignment, console: true, name: Test Scenario 1, network: true, selenium_version: 4.0.0, username: null, video: true, visual: true, w3c: true}, browserName: chrome, browserVersion: latest, goog:chromeOptions: {args: [], extensions: []}, platformName: Windows 10}">
      <![CDATA[org.openqa.selenium.SessionNotCreatedException: Could not start a new session. Response code 401. Message: LT01KDEAE1BBYA21VF6KG16JN80E-HRMV7-AP-SOUTH-1: Please include  `user` & `accessKey` in desired capabilities 
Host info: host: 'DESKTOP-AACVGQJ', ip: '192.168.1.39'
Build info: version: '4.38.0', revision: '6b412e825c*'
System info: os.name: 'Windows 10', os.arch: 'amd64', os.version: '10.0', java.version: '17.0.10'
Driver info: org.openqa.selenium.remote.RemoteWebDriver
Command: [null, newSession {capabilities=[Capabilities {LT:Options: {accessKey: null, build: Selenium 101 Assignment, console: true, name: Test Scenario 1, network: true, selenium_version: 4.0.0, username: null, video: true, visual: true, w3c: true}, browserName: chrome, browserVersion: latest, goog:chromeOptions: {args: [], extensions: []}, platformName: Windows 10}]}]
Capabilities {LT:Options: {accessKey: null, build: Selenium 101 Assignment, console: true, name: Test Scenario 1, network: true, selenium_version: 4.0.0, username: null, video: true, visual: true, w3c: true}, browserName: chrome, browserVersion: latest, goog:chromeOptions: {args: [], extensions: []}, platformName: Windows 10}
at org.openqa.selenium.remote.ProtocolHandshake.createSession(ProtocolHandshake.java:114)
at org.openqa.selenium.remote.ProtocolHandshake.createSession(ProtocolHandshake.java:75)
at org.openqa.selenium.remote.ProtocolHandshake.createSession(ProtocolHandshake.java:61)
at org.openqa.selenium.remote.HttpCommandExecutor.execute(HttpCommandExecutor.java:187)
at org.openqa.selenium.remote.TracedCommandExecutor.execute(TracedCommandExecutor.java:53)
at org.openqa.selenium.remote.RemoteWebDriver.execute(RemoteWebDriver.java:557)
at org.openqa.selenium.remote.RemoteWebDriver.startSession(RemoteWebDriver.java:246)
at org.openqa.selenium.remote.RemoteWebDriver.<init>(RemoteWebDriver.java:174)
at org.openqa.selenium.remote.RemoteWebDriver.<init>(RemoteWebDriver.java:152)
at com.lambdatest.TestScenario_1.setup(TestScenario_1.java:40)
at java.base/java.util.ArrayList.forEach(ArrayList.java:1511)
at java.base/java.util.concurrent.FutureTask.run(FutureTask.java:264)
at java.base/java.util.concurrent.ThreadPoolExecutor.runWorker(ThreadPoolExecutor.java:1136)
at java.base/java.util.concurrent.ThreadPoolExecutor$Worker.run(ThreadPoolExecutor.java:635)
at java.base/java.lang.Thread.run(Thread.java:840)
... Removed 21 stack frames]]>
    </failure>
  </testcase> <!-- @BeforeMethod setup -->
  <testcase classname="com.lambdatest.TestScenario_1" name="@BeforeMethod setup" time="1.907">
    <failure type="org.openqa.selenium.SessionNotCreatedException" message="Could not start a new session. Response code 401. Message: LT01KDEAE1BBY5VS52Y8APKP4RBM-V8B92-AP-SOUTH-1: Please include  `user` &amp;amp; `accessKey` in desired capabilities 
Host info: host: &amp;apos;DESKTOP-AACVGQJ&amp;apos;, ip: &amp;apos;192.168.1.39&amp;apos;
Build info: version: &amp;apos;4.38.0&amp;apos;, revision: &amp;apos;6b412e825c*&amp;apos;
System info: os.name: &amp;apos;Windows 10&amp;apos;, os.arch: &amp;apos;amd64&amp;apos;, os.version: &amp;apos;10.0&amp;apos;, java.version: &amp;apos;17.0.10&amp;apos;
Driver info: org.openqa.selenium.remote.RemoteWebDriver
Command: [null, newSession {capabilities=[Capabilities {LT:Options: {accessKey: null, build: Selenium 101 Assignment, console: true, name: Test Scenario 1, network: true, selenium_version: 4.0.0, username: null, video: true, visual: true, w3c: true}, browserName: chrome, browserVersion: latest, goog:chromeOptions: {args: [], extensions: []}, platformName: macOS Catalina}]}]
Capabilities {LT:Options: {accessKey: null, build: Selenium 101 Assignment, console: true, name: Test Scenario 1, network: true, selenium_version: 4.0.0, username: null, video: true, visual: true, w3c: true}, browserName: chrome, browserVersion: latest, goog:chromeOptions: {args: [], extensions: []}, platformName: macOS Catalina}">
      <![CDATA[org.openqa.selenium.SessionNotCreatedException: Could not start a new session. Response code 401. Message: LT01KDEAE1BBY5VS52Y8APKP4RBM-V8B92-AP-SOUTH-1: Please include  `user` & `accessKey` in desired capabilities 
Host info: host: 'DESKTOP-AACVGQJ', ip: '192.168.1.39'
Build info: version: '4.38.0', revision: '6b412e825c*'
System info: os.name: 'Windows 10', os.arch: 'amd64', os.version: '10.0', java.version: '17.0.10'
Driver info: org.openqa.selenium.remote.RemoteWebDriver
Command: [null, newSession {capabilities=[Capabilities {LT:Options: {accessKey: null, build: Selenium 101 Assignment, console: true, name: Test Scenario 1, network: true, selenium_version: 4.0.0, username: null, video: true, visual: true, w3c: true}, browserName: chrome, browserVersion: latest, goog:chromeOptions: {args: [], extensions: []}, platformName: macOS Catalina}]}]
Capabilities {LT:Options: {accessKey: null, build: Selenium 101 Assignment, console: true, name: Test Scenario 1, network: true, selenium_version: 4.0.0, username: null, video: true, visual: true, w3c: true}, browserName: chrome, browserVersion: latest, goog:chromeOptions: {args: [], extensions: []}, platformName: macOS Catalina}
at org.openqa.selenium.remote.ProtocolHandshake.createSession(ProtocolHandshake.java:114)
at org.openqa.selenium.remote.ProtocolHandshake.createSession(ProtocolHandshake.java:75)
at org.openqa.selenium.remote.ProtocolHandshake.createSession(ProtocolHandshake.java:61)
at org.openqa.selenium.remote.HttpCommandExecutor.execute(HttpCommandExecutor.java:187)
at org.openqa.selenium.remote.TracedCommandExecutor.execute(TracedCommandExecutor.java:53)
at org.openqa.selenium.remote.RemoteWebDriver.execute(RemoteWebDriver.java:557)
at org.openqa.selenium.remote.RemoteWebDriver.startSession(RemoteWebDriver.java:246)
at org.openqa.selenium.remote.RemoteWebDriver.<init>(RemoteWebDriver.java:174)
at org.openqa.selenium.remote.RemoteWebDriver.<init>(RemoteWebDriver.java:152)
at com.lambdatest.TestScenario_1.setup(TestScenario_1.java:40)
at java.base/java.util.ArrayList.forEach(ArrayList.java:1511)
at java.base/java.util.concurrent.FutureTask.run(FutureTask.java:264)
at java.base/java.util.concurrent.ThreadPoolExecutor.runWorker(ThreadPoolExecutor.java:1136)
at java.base/java.util.concurrent.ThreadPoolExecutor$Worker.run(ThreadPoolExecutor.java:635)
at java.base/java.lang.Thread.run(Thread.java:840)
... Removed 21 stack frames]]>
    </failure>
  </testcase> <!-- @BeforeMethod setup -->
  <testcase classname="com.lambdatest.TestScenario_1" name="@AfterMethod tearDown" time="0.0">
    <skipped/>
  </testcase> <!-- @AfterMethod tearDown -->
  <testcase classname="com.lambdatest.TestScenario_1" name="@AfterMethod tearDown" time="0.0">
    <skipped/>
  </testcase> <!-- @AfterMethod tearDown -->
  <testcase classname="com.lambdatest.TestScenario_2" name="@BeforeMethod setup" time="0.155">
    <failure type="org.openqa.selenium.SessionNotCreatedException" message="Could not start a new session. Response code 401. Message: LT01KDEAE1MJ4K0AA6YAGXWE4K4B-HRMV7-AP-SOUTH-1: Please include  `user` &amp;amp; `accessKey` in desired capabilities 
Host info: host: &amp;apos;DESKTOP-AACVGQJ&amp;apos;, ip: &amp;apos;192.168.1.39&amp;apos;
Build info: version: &amp;apos;4.38.0&amp;apos;, revision: &amp;apos;6b412e825c*&amp;apos;
System info: os.name: &amp;apos;Windows 10&amp;apos;, os.arch: &amp;apos;amd64&amp;apos;, os.version: &amp;apos;10.0&amp;apos;, java.version: &amp;apos;17.0.10&amp;apos;
Driver info: org.openqa.selenium.remote.RemoteWebDriver
Command: [null, newSession {capabilities=[Capabilities {LT:Options: {accessKey: null, build: Selenium 101 Assignment, console: true, name: Test Scenario 1, network: true, selenium_version: 4.0.0, username: null, video: true, visual: true, w3c: true}, browserName: chrome, browserVersion: latest, goog:chromeOptions: {args: [], extensions: []}, platformName: Windows 10}]}]
Capabilities {LT:Options: {accessKey: null, build: Selenium 101 Assignment, console: true, name: Test Scenario 1, network: true, selenium_version: 4.0.0, username: null, video: true, visual: true, w3c: true}, browserName: chrome, browserVersion: latest, goog:chromeOptions: {args: [], extensions: []}, platformName: Windows 10}">
      <![CDATA[org.openqa.selenium.SessionNotCreatedException: Could not start a new session. Response code 401. Message: LT01KDEAE1MJ4K0AA6YAGXWE4K4B-HRMV7-AP-SOUTH-1: Please include  `user` & `accessKey` in desired capabilities 
Host info: host: 'DESKTOP-AACVGQJ', ip: '192.168.1.39'
Build info: version: '4.38.0', revision: '6b412e825c*'
System info: os.name: 'Windows 10', os.arch: 'amd64', os.version: '10.0', java.version: '17.0.10'
Driver info: org.openqa.selenium.remote.RemoteWebDriver
Command: [null, newSession {capabilities=[Capabilities {LT:Options: {accessKey: null, build: Selenium 101 Assignment, console: true, name: Test Scenario 1, network: true, selenium_version: 4.0.0, username: null, video: true, visual: true, w3c: true}, browserName: chrome, browserVersion: latest, goog:chromeOptions: {args: [], extensions: []}, platformName: Windows 10}]}]
Capabilities {LT:Options: {accessKey: null, build: Selenium 101 Assignment, console: true, name: Test Scenario 1, network: true, selenium_version: 4.0.0, username: null, video: true, visual: true, w3c: true}, browserName: chrome, browserVersion: latest, goog:chromeOptions: {args: [], extensions: []}, platformName: Windows 10}
at org.openqa.selenium.remote.ProtocolHandshake.createSession(ProtocolHandshake.java:114)
at org.openqa.selenium.remote.ProtocolHandshake.createSession(ProtocolHandshake.java:75)
at org.openqa.selenium.remote.ProtocolHandshake.createSession(ProtocolHandshake.java:61)
at org.openqa.selenium.remote.HttpCommandExecutor.execute(HttpCommandExecutor.java:187)
at org.openqa.selenium.remote.TracedCommandExecutor.execute(TracedCommandExecutor.java:53)
at org.openqa.selenium.remote.RemoteWebDriver.execute(RemoteWebDriver.java:557)
at org.openqa.selenium.remote.RemoteWebDriver.startSession(RemoteWebDriver.java:246)
at org.openqa.selenium.remote.RemoteWebDriver.<init>(RemoteWebDriver.java:174)
at org.openqa.selenium.remote.RemoteWebDriver.<init>(RemoteWebDriver.java:152)
at com.lambdatest.TestScenario_2.setup(TestScenario_2.java:45)
at java.base/java.util.ArrayList.forEach(ArrayList.java:1511)
at java.base/java.util.concurrent.FutureTask.run(FutureTask.java:264)
at java.base/java.util.concurrent.ThreadPoolExecutor.runWorker(ThreadPoolExecutor.java:1136)
at java.base/java.util.concurrent.ThreadPoolExecutor$Worker.run(ThreadPoolExecutor.java:635)
at java.base/java.lang.Thread.run(Thread.java:840)
... Removed 21 stack frames]]>
    </failure>
  </testcase> <!-- @BeforeMethod setup -->
  <testcase classname="com.lambdatest.TestScenario_2" name="@AfterMethod tearDown" time="0.0">
    <skipped/>
  </testcase> <!-- @AfterMethod tearDown -->
  <testcase classname="com.lambdatest.TestScenario_2" name="@BeforeMethod setup" time="0.166">
    <failure type="org.openqa.selenium.SessionNotCreatedException" message="Could not start a new session. Response code 401. Message: LT01KDEAE1MZ31ETM8JG1FB1Q3AQ-QPXCH-AP-SOUTH-1: Please include  `user` &amp;amp; `accessKey` in desired capabilities 
Host info: host: &amp;apos;DESKTOP-AACVGQJ&amp;apos;, ip: &amp;apos;192.168.1.39&amp;apos;
Build info: version: &amp;apos;4.38.0&amp;apos;, revision: &amp;apos;6b412e825c*&amp;apos;
System info: os.name: &amp;apos;Windows 10&amp;apos;, os.arch: &amp;apos;amd64&amp;apos;, os.version: &amp;apos;10.0&amp;apos;, java.version: &amp;apos;17.0.10&amp;apos;
Driver info: org.openqa.selenium.remote.RemoteWebDriver
Command: [null, newSession {capabilities=[Capabilities {LT:Options: {accessKey: null, build: Selenium 101 Assignment, console: true, name: Test Scenario 1, network: true, selenium_version: 4.0.0, username: null, video: true, visual: true, w3c: true}, browserName: chrome, browserVersion: latest, goog:chromeOptions: {args: [], extensions: []}, platformName: macOS Catalina}]}]
Capabilities {LT:Options: {accessKey: null, build: Selenium 101 Assignment, console: true, name: Test Scenario 1, network: true, selenium_version: 4.0.0, username: null, video: true, visual: true, w3c: true}, browserName: chrome, browserVersion: latest, goog:chromeOptions: {args: [], extensions: []}, platformName: macOS Catalina}">
      <![CDATA[org.openqa.selenium.SessionNotCreatedException: Could not start a new session. Response code 401. Message: LT01KDEAE1MZ31ETM8JG1FB1Q3AQ-QPXCH-AP-SOUTH-1: Please include  `user` & `accessKey` in desired capabilities 
Host info: host: 'DESKTOP-AACVGQJ', ip: '192.168.1.39'
Build info: version: '4.38.0', revision: '6b412e825c*'
System info: os.name: 'Windows 10', os.arch: 'amd64', os.version: '10.0', java.version: '17.0.10'
Driver info: org.openqa.selenium.remote.RemoteWebDriver
Command: [null, newSession {capabilities=[Capabilities {LT:Options: {accessKey: null, build: Selenium 101 Assignment, console: true, name: Test Scenario 1, network: true, selenium_version: 4.0.0, username: null, video: true, visual: true, w3c: true}, browserName: chrome, browserVersion: latest, goog:chromeOptions: {args: [], extensions: []}, platformName: macOS Catalina}]}]
Capabilities {LT:Options: {accessKey: null, build: Selenium 101 Assignment, console: true, name: Test Scenario 1, network: true, selenium_version: 4.0.0, username: null, video: true, visual: true, w3c: true}, browserName: chrome, browserVersion: latest, goog:chromeOptions: {args: [], extensions: []}, platformName: macOS Catalina}
at org.openqa.selenium.remote.ProtocolHandshake.createSession(ProtocolHandshake.java:114)
at org.openqa.selenium.remote.ProtocolHandshake.createSession(ProtocolHandshake.java:75)
at org.openqa.selenium.remote.ProtocolHandshake.createSession(ProtocolHandshake.java:61)
at org.openqa.selenium.remote.HttpCommandExecutor.execute(HttpCommandExecutor.java:187)
at org.openqa.selenium.remote.TracedCommandExecutor.execute(TracedCommandExecutor.java:53)
at org.openqa.selenium.remote.RemoteWebDriver.execute(RemoteWebDriver.java:557)
at org.openqa.selenium.remote.RemoteWebDriver.startSession(RemoteWebDriver.java:246)
at org.openqa.selenium.remote.RemoteWebDriver.<init>(RemoteWebDriver.java:174)
at org.openqa.selenium.remote.RemoteWebDriver.<init>(RemoteWebDriver.java:152)
at com.lambdatest.TestScenario_2.setup(TestScenario_2.java:45)
at java.base/java.util.ArrayList.forEach(ArrayList.java:1511)
at java.base/java.util.concurrent.FutureTask.run(FutureTask.java:264)
at java.base/java.util.concurrent.ThreadPoolExecutor.runWorker(ThreadPoolExecutor.java:1136)
at java.base/java.util.concurrent.ThreadPoolExecutor$Worker.run(ThreadPoolExecutor.java:635)
at java.base/java.lang.Thread.run(Thread.java:840)
... Removed 21 stack frames]]>
    </failure>
  </testcase> <!-- @BeforeMethod setup -->
  <testcase classname="com.lambdatest.TestScenario_2" name="@AfterMethod tearDown" time="0.0">
    <skipped/>
  </testcase> <!-- @AfterMethod tearDown -->
  <testcase classname="com.lambdatest.TestScenario_3" name="@BeforeMethod setup" time="0.17">
    <failure type="org.openqa.selenium.SessionNotCreatedException" message="Could not start a new session. Response code 401. Message: LT01KDEAE1T8HVCW648QFPB69MZD-7LTBC-AP-SOUTH-1: Please include  `user` &amp;amp; `accessKey` in desired capabilities 
Host info: host: &amp;apos;DESKTOP-AACVGQJ&amp;apos;, ip: &amp;apos;192.168.1.39&amp;apos;
Build info: version: &amp;apos;4.38.0&amp;apos;, revision: &amp;apos;6b412e825c*&amp;apos;
System info: os.name: &amp;apos;Windows 10&amp;apos;, os.arch: &amp;apos;amd64&amp;apos;, os.version: &amp;apos;10.0&amp;apos;, java.version: &amp;apos;17.0.10&amp;apos;
Driver info: org.openqa.selenium.remote.RemoteWebDriver
Command: [null, newSession {capabilities=[Capabilities {LT:Options: {accessKey: null, build: Selenium 101 Assignment, console: true, name: Test Scenario 1, network: true, selenium_version: 4.0.0, username: null, video: true, visual: true, w3c: true}, browserName: chrome, browserVersion: latest, goog:chromeOptions: {args: [], extensions: []}, platformName: Windows 10}]}]
Capabilities {LT:Options: {accessKey: null, build: Selenium 101 Assignment, console: true, name: Test Scenario 1, network: true, selenium_version: 4.0.0, username: null, video: true, visual: true, w3c: true}, browserName: chrome, browserVersion: latest, goog:chromeOptions: {args: [], extensions: []}, platformName: Windows 10}">
      <![CDATA[org.openqa.selenium.SessionNotCreatedException: Could not start a new session. Response code 401. Message: LT01KDEAE1T8HVCW648QFPB69MZD-7LTBC-AP-SOUTH-1: Please include  `user` & `accessKey` in desired capabilities 
Host info: host: 'DESKTOP-AACVGQJ', ip: '192.168.1.39'
Build info: version: '4.38.0', revision: '6b412e825c*'
System info: os.name: 'Windows 10', os.arch: 'amd64', os.version: '10.0', java.version: '17.0.10'
Driver info: org.openqa.selenium.remote.RemoteWebDriver
Command: [null, newSession {capabilities=[Capabilities {LT:Options: {accessKey: null, build: Selenium 101 Assignment, console: true, name: Test Scenario 1, network: true, selenium_version: 4.0.0, username: null, video: true, visual: true, w3c: true}, browserName: chrome, browserVersion: latest, goog:chromeOptions: {args: [], extensions: []}, platformName: Windows 10}]}]
Capabilities {LT:Options: {accessKey: null, build: Selenium 101 Assignment, console: true, name: Test Scenario 1, network: true, selenium_version: 4.0.0, username: null, video: true, visual: true, w3c: true}, browserName: chrome, browserVersion: latest, goog:chromeOptions: {args: [], extensions: []}, platformName: Windows 10}
at org.openqa.selenium.remote.ProtocolHandshake.createSession(ProtocolHandshake.java:114)
at org.openqa.selenium.remote.ProtocolHandshake.createSession(ProtocolHandshake.java:75)
at org.openqa.selenium.remote.ProtocolHandshake.createSession(ProtocolHandshake.java:61)
at org.openqa.selenium.remote.HttpCommandExecutor.execute(HttpCommandExecutor.java:187)
at org.openqa.selenium.remote.TracedCommandExecutor.execute(TracedCommandExecutor.java:53)
at org.openqa.selenium.remote.RemoteWebDriver.execute(RemoteWebDriver.java:557)
at org.openqa.selenium.remote.RemoteWebDriver.startSession(RemoteWebDriver.java:246)
at org.openqa.selenium.remote.RemoteWebDriver.<init>(RemoteWebDriver.java:174)
at org.openqa.selenium.remote.RemoteWebDriver.<init>(RemoteWebDriver.java:152)
at com.lambdatest.TestScenario_3.setup(TestScenario_3.java:47)
at java.base/java.util.ArrayList.forEach(ArrayList.java:1511)
at java.base/java.util.concurrent.FutureTask.run(FutureTask.java:264)
at java.base/java.util.concurrent.ThreadPoolExecutor.runWorker(ThreadPoolExecutor.java:1136)
at java.base/java.util.concurrent.ThreadPoolExecutor$Worker.run(ThreadPoolExecutor.java:635)
at java.base/java.lang.Thread.run(Thread.java:840)
... Removed 21 stack frames]]>
    </failure>
  </testcase> <!-- @BeforeMethod setup -->
  <testcase classname="com.lambdatest.TestScenario_3" name="@AfterMethod tearDown" time="0.0">
    <skipped/>
  </testcase> <!-- @AfterMethod tearDown -->
  <testcase classname="com.lambdatest.TestScenario_3" name="@BeforeMethod setup" time="0.167">
    <failure type="org.openqa.selenium.SessionNotCreatedException" message="Could not start a new session. Response code 401. Message: LT01KDEAE1TK0T3R9AN0XSDZRH29-HRMV7-AP-SOUTH-1: Please include  `user` &amp;amp; `accessKey` in desired capabilities 
Host info: host: &amp;apos;DESKTOP-AACVGQJ&amp;apos;, ip: &amp;apos;192.168.1.39&amp;apos;
Build info: version: &amp;apos;4.38.0&amp;apos;, revision: &amp;apos;6b412e825c*&amp;apos;
System info: os.name: &amp;apos;Windows 10&amp;apos;, os.arch: &amp;apos;amd64&amp;apos;, os.version: &amp;apos;10.0&amp;apos;, java.version: &amp;apos;17.0.10&amp;apos;
Driver info: org.openqa.selenium.remote.RemoteWebDriver
Command: [null, newSession {capabilities=[Capabilities {LT:Options: {accessKey: null, build: Selenium 101 Assignment, console: true, name: Test Scenario 1, network: true, selenium_version: 4.0.0, username: null, video: true, visual: true, w3c: true}, browserName: chrome, browserVersion: latest, goog:chromeOptions: {args: [], extensions: []}, platformName: macOS Catalina}]}]
Capabilities {LT:Options: {accessKey: null, build: Selenium 101 Assignment, console: true, name: Test Scenario 1, network: true, selenium_version: 4.0.0, username: null, video: true, visual: true, w3c: true}, browserName: chrome, browserVersion: latest, goog:chromeOptions: {args: [], extensions: []}, platformName: macOS Catalina}">
      <![CDATA[org.openqa.selenium.SessionNotCreatedException: Could not start a new session. Response code 401. Message: LT01KDEAE1TK0T3R9AN0XSDZRH29-HRMV7-AP-SOUTH-1: Please include  `user` & `accessKey` in desired capabilities 
Host info: host: 'DESKTOP-AACVGQJ', ip: '192.168.1.39'
Build info: version: '4.38.0', revision: '6b412e825c*'
System info: os.name: 'Windows 10', os.arch: 'amd64', os.version: '10.0', java.version: '17.0.10'
Driver info: org.openqa.selenium.remote.RemoteWebDriver
Command: [null, newSession {capabilities=[Capabilities {LT:Options: {accessKey: null, build: Selenium 101 Assignment, console: true, name: Test Scenario 1, network: true, selenium_version: 4.0.0, username: null, video: true, visual: true, w3c: true}, browserName: chrome, browserVersion: latest, goog:chromeOptions: {args: [], extensions: []}, platformName: macOS Catalina}]}]
Capabilities {LT:Options: {accessKey: null, build: Selenium 101 Assignment, console: true, name: Test Scenario 1, network: true, selenium_version: 4.0.0, username: null, video: true, visual: true, w3c: true}, browserName: chrome, browserVersion: latest, goog:chromeOptions: {args: [], extensions: []}, platformName: macOS Catalina}
at org.openqa.selenium.remote.ProtocolHandshake.createSession(ProtocolHandshake.java:114)
at org.openqa.selenium.remote.ProtocolHandshake.createSession(ProtocolHandshake.java:75)
at org.openqa.selenium.remote.ProtocolHandshake.createSession(ProtocolHandshake.java:61)
at org.openqa.selenium.remote.HttpCommandExecutor.execute(HttpCommandExecutor.java:187)
at org.openqa.selenium.remote.TracedCommandExecutor.execute(TracedCommandExecutor.java:53)
at org.openqa.selenium.remote.RemoteWebDriver.execute(RemoteWebDriver.java:557)
at org.openqa.selenium.remote.RemoteWebDriver.startSession(RemoteWebDriver.java:246)
at org.openqa.selenium.remote.RemoteWebDriver.<init>(RemoteWebDriver.java:174)
at org.openqa.selenium.remote.RemoteWebDriver.<init>(RemoteWebDriver.java:152)
at com.lambdatest.TestScenario_3.setup(TestScenario_3.java:47)
at java.base/java.util.ArrayList.forEach(ArrayList.java:1511)
at java.base/java.util.concurrent.FutureTask.run(FutureTask.java:264)
at java.base/java.util.concurrent.ThreadPoolExecutor.runWorker(ThreadPoolExecutor.java:1136)
at java.base/java.util.concurrent.ThreadPoolExecutor$Worker.run(ThreadPoolExecutor.java:635)
at java.base/java.lang.Thread.run(Thread.java:840)
... Removed 21 stack frames]]>
    </failure>
  </testcase> <!-- @BeforeMethod setup -->
  <testcase classname="com.lambdatest.TestScenario_3" name="@AfterMethod tearDown" time="0.0">
    <skipped/>
  </testcase> <!-- @AfterMethod tearDown -->
  <testcase classname="com.lambdatest.TestScenario_1" name="simpleFormDemoTest" time="0.0">
    <skipped/>
  </testcase> <!-- simpleFormDemoTest -->
  <testcase classname="com.lambdatest.TestScenario_2" name="dragSliderTo95Test" time="0.0">
    <skipped/>
  </testcase> <!-- dragSliderTo95Test -->
  <testcase classname="com.lambdatest.TestScenario_3" name="inputFormSubmitTest" time="0.001">
    <skipped/>
  </testcase> <!-- inputFormSubmitTest -->
</testsuite> <!-- Chrome_Win10 -->
