<?xml version="1.0" encoding="UTF-8"?>
<!-- Generated by org.testng.reporters.JUnitXMLReporter -->
<testsuite ignored="0" hostname="DESKTOP-AACVGQJ" failures="0" tests="3" name="ChromeTest" time="34.672" errors="0" timestamp="2025-12-27T11:51:10 IST">
  <testcase classname="com.lambdatest.TestScenario_1" name="simpleFormDemoTest" time="2.327"/>
  <testcase classname="com.lambdatest.TestScenario_2" name="dragSliderTo95Test" time="1.427"/>
  <testcase classname="com.lambdatest.TestScenario_3" name="inputFormSubmitTest" time="7.996"/>
</testsuite> <!-- ChromeTest -->
