<?xml version="1.0" encoding="UTF-8"?>
<!-- Generated by org.testng.reporters.JUnitXMLReporter -->
<testsuite ignored="0" hostname="DESKTOP-AACVGQJ" failures="0" tests="3" name="Chrome_Windows" time="33.705" errors="0" timestamp="2025-12-27T11:09:09 IST">
  <testcase classname="com.lambdatest.TestScenario_1" name="simpleFormDemoTest" time="2.456"/>
  <testcase classname="com.lambdatest.TestScenario_2" name="dragSliderTo95Test" time="1.446"/>
  <testcase classname="com.lambdatest.TestScenario_3" name="inputFormSubmitTest" time="7.314"/>
</testsuite> <!-- Chrome_Windows -->
