<?xml version="1.0" encoding="UTF-8"?>
<!-- Generated by org.testng.reporters.JUnitXMLReporter -->
<testsuite ignored="0" hostname="DESKTOP-AACVGQJ" failures="0" tests="3" name="FirefoxTest" time="48.943" errors="0" timestamp="2025-12-27T11:51:25 IST">
  <testcase classname="com.lambdatest.TestScenario_1" name="simpleFormDemoTest" time="2.112"/>
  <testcase classname="com.lambdatest.TestScenario_2" name="dragSliderTo95Test" time="1.853"/>
  <testcase classname="com.lambdatest.TestScenario_3" name="inputFormSubmitTest" time="7.539"/>
</testsuite> <!-- FirefoxTest -->
