<?xml version="1.0" encoding="UTF-8"?>
<!-- Generated by org.testng.reporters.JUnitXMLReporter -->
<testsuite ignored="0" hostname="DESKTOP-AACVGQJ" failures="1" tests="3" name="Safari_macOS" time="56.449" errors="0" timestamp="2025-12-27T11:09:32 IST">
  <testcase classname="com.lambdatest.TestScenario_1" name="simpleFormDemoTest" time="6.274"/>
  <testcase classname="com.lambdatest.TestScenario_2" name="dragSliderTo95Test" time="4.916"/>
  <testcase classname="com.lambdatest.TestScenario_3" name="inputFormSubmitTest" time="6.63">
    <failure type="java.lang.AssertionError" message="Expected validation message not shown expected [true] but found [false]">
      <![CDATA[java.lang.AssertionError: Expected validation message not shown expected [true] but found [false]
at com.lambdatest.TestScenario_3.inputFormSubmitTest(TestScenario_3.java:47)
at java.base/java.util.ArrayList.forEach(ArrayList.java:1511)
at java.base/java.util.concurrent.FutureTask.run(FutureTask.java:264)
at java.base/java.util.concurrent.ThreadPoolExecutor.runWorker(ThreadPoolExecutor.java:1136)
at java.base/java.util.concurrent.ThreadPoolExecutor$Worker.run(ThreadPoolExecutor.java:635)
at java.base/java.lang.Thread.run(Thread.java:840)
... Removed 20 stack frames]]>
    </failure>
  </testcase> <!-- inputFormSubmitTest -->
</testsuite> <!-- Safari_macOS -->
