<?xml version="1.0" encoding="UTF-8"?>
<testng-results ignored="0" total="6" passed="6" failed="0" skipped="0">
  <reporter-output>
  </reporter-output>
  <suite started-at="2025-12-27T11:50:36 IST" name="ParallelTests" finished-at="2025-12-27T11:51:25 IST" duration-ms="48943">
    <groups>
    </groups>
    <test started-at="2025-12-27T11:50:36 IST" name="ChromeTest" finished-at="2025-12-27T11:51:10 IST" duration-ms="34672">
      <class name="com.lambdatest.TestScenario_3">
        <test-method is-config="true" signature="setup(java.lang.String,java.lang.String,java.lang.String,java.lang.reflect.Method)[pri:0, instance:com.lambdatest.TestScenario_3@16eb3ea3]" started-at="2025-12-27T11:50:55 IST" name="setup" finished-at="2025-12-27T11:51:02 IST" duration-ms="6494" status="PASS">
          <params>
            <param index="0">
              <value>
                <![CDATA[Chrome]]>
              </value>
            </param>
            <param index="1">
              <value>
                <![CDATA[Windows 10]]>
              </value>
            </param>
            <param index="2">
              <value>
                <![CDATA[latest]]>
              </value>
            </param>
            <param index="3">
              <value>
                <![CDATA[public void com.lambdatest.TestScenario_3.inputFormSubmitTest() throws java.lang.InterruptedException]]>
              </value>
            </param>
          </params>
          <reporter-output>
          </reporter-output>
        </test-method> <!-- setup -->
        <test-method signature="inputFormSubmitTest()[pri:0, instance:com.lambdatest.TestScenario_3@16eb3ea3]" started-at="2025-12-27T11:51:02 IST" name="inputFormSubmitTest" finished-at="2025-12-27T11:51:10 IST" duration-ms="7996" status="PASS">
          <reporter-output>
          </reporter-output>
        </test-method> <!-- inputFormSubmitTest -->
        <test-method is-config="true" signature="afterTest(org.testng.ITestResult)[pri:0, instance:com.lambdatest.TestScenario_3@16eb3ea3]" started-at="2025-12-27T11:51:10 IST" name="afterTest" finished-at="2025-12-27T11:51:10 IST" duration-ms="477" status="PASS">
          <params>
            <param index="0">
              <value>
                <![CDATA[[TestResult name=inputFormSubmitTest status=SUCCESS method=TestScenario_3.inputFormSubmitTest()[pri:0, instance:com.lambdatest.TestScenario_3@16eb3ea3] output={null}]]]>
              </value>
            </param>
          </params>
          <reporter-output>
          </reporter-output>
        </test-method> <!-- afterTest -->
      </class> <!-- com.lambdatest.TestScenario_3 -->
      <class name="com.lambdatest.TestScenario_2">
        <test-method is-config="true" signature="setup(java.lang.String,java.lang.String,java.lang.String,java.lang.reflect.Method)[pri:0, instance:com.lambdatest.TestScenario_2@413d1baf]" started-at="2025-12-27T11:50:48 IST" name="setup" finished-at="2025-12-27T11:50:54 IST" duration-ms="5719" status="PASS">
          <params>
            <param index="0">
              <value>
                <![CDATA[Chrome]]>
              </value>
            </param>
            <param index="1">
              <value>
                <![CDATA[Windows 10]]>
              </value>
            </param>
            <param index="2">
              <value>
                <![CDATA[latest]]>
              </value>
            </param>
            <param index="3">
              <value>
                <![CDATA[public void com.lambdatest.TestScenario_2.dragSliderTo95Test()]]>
              </value>
            </param>
          </params>
          <reporter-output>
          </reporter-output>
        </test-method> <!-- setup -->
        <test-method signature="dragSliderTo95Test()[pri:0, instance:com.lambdatest.TestScenario_2@413d1baf]" started-at="2025-12-27T11:50:54 IST" name="dragSliderTo95Test" finished-at="2025-12-27T11:50:55 IST" duration-ms="1427" status="PASS">
          <reporter-output>
          </reporter-output>
        </test-method> <!-- dragSliderTo95Test -->
        <test-method is-config="true" signature="tearDown()[pri:0, instance:com.lambdatest.TestScenario_2@413d1baf]" started-at="2025-12-27T11:50:55 IST" name="tearDown" finished-at="2025-12-27T11:50:55 IST" duration-ms="190" status="PASS">
          <reporter-output>
          </reporter-output>
        </test-method> <!-- tearDown -->
      </class> <!-- com.lambdatest.TestScenario_2 -->
      <class name="com.lambdatest.TestScenario_1">
        <test-method is-config="true" signature="setup(java.lang.String,java.lang.String,java.lang.String,java.lang.reflect.Method)[pri:0, instance:com.lambdatest.TestScenario_1@248e319b]" started-at="2025-12-27T11:50:36 IST" name="setup" finished-at="2025-12-27T11:50:45 IST" duration-ms="9723" status="PASS">
          <params>
            <param index="0">
              <value>
                <![CDATA[Chrome]]>
              </value>
            </param>
            <param index="1">
              <value>
                <![CDATA[Windows 10]]>
              </value>
            </param>
            <param index="2">
              <value>
                <![CDATA[latest]]>
              </value>
            </param>
            <param index="3">
              <value>
                <![CDATA[public void com.lambdatest.TestScenario_1.simpleFormDemoTest()]]>
              </value>
            </param>
          </params>
          <reporter-output>
          </reporter-output>
        </test-method> <!-- setup -->
        <test-method signature="simpleFormDemoTest()[pri:0, instance:com.lambdatest.TestScenario_1@248e319b]" started-at="2025-12-27T11:50:45 IST" name="simpleFormDemoTest" finished-at="2025-12-27T11:50:48 IST" duration-ms="2327" status="PASS">
          <reporter-output>
          </reporter-output>
        </test-method> <!-- simpleFormDemoTest -->
        <test-method is-config="true" signature="tearDown()[pri:0, instance:com.lambdatest.TestScenario_1@248e319b]" started-at="2025-12-27T11:50:48 IST" name="tearDown" finished-at="2025-12-27T11:50:48 IST" duration-ms="151" status="PASS">
          <reporter-output>
          </reporter-output>
        </test-method> <!-- tearDown -->
      </class> <!-- com.lambdatest.TestScenario_1 -->
    </test> <!-- ChromeTest -->
    <test started-at="2025-12-27T11:50:36 IST" name="FirefoxTest" finished-at="2025-12-27T11:51:25 IST" duration-ms="48943">
      <class name="com.lambdatest.TestScenario_3">
        <test-method is-config="true" signature="setup(java.lang.String,java.lang.String,java.lang.String,java.lang.reflect.Method)[pri:0, instance:com.lambdatest.TestScenario_3@70cf32e3]" started-at="2025-12-27T11:51:09 IST" name="setup" finished-at="2025-12-27T11:51:16 IST" duration-ms="7456" status="PASS">
          <params>
            <param index="0">
              <value>
                <![CDATA[Firefox]]>
              </value>
            </param>
            <param index="1">
              <value>
                <![CDATA[Windows 10]]>
              </value>
            </param>
            <param index="2">
              <value>
                <![CDATA[latest]]>
              </value>
            </param>
            <param index="3">
              <value>
                <![CDATA[public void com.lambdatest.TestScenario_3.inputFormSubmitTest() throws java.lang.InterruptedException]]>
              </value>
            </param>
          </params>
          <reporter-output>
          </reporter-output>
        </test-method> <!-- setup -->
        <test-method signature="inputFormSubmitTest()[pri:0, instance:com.lambdatest.TestScenario_3@70cf32e3]" started-at="2025-12-27T11:51:16 IST" name="inputFormSubmitTest" finished-at="2025-12-27T11:51:24 IST" duration-ms="7539" status="PASS">
          <reporter-output>
          </reporter-output>
        </test-method> <!-- inputFormSubmitTest -->
        <test-method is-config="true" signature="afterTest(org.testng.ITestResult)[pri:0, instance:com.lambdatest.TestScenario_3@70cf32e3]" started-at="2025-12-27T11:51:24 IST" name="afterTest" finished-at="2025-12-27T11:51:25 IST" duration-ms="776" status="PASS">
          <params>
            <param index="0">
              <value>
                <![CDATA[[TestResult name=inputFormSubmitTest status=SUCCESS method=TestScenario_3.inputFormSubmitTest()[pri:0, instance:com.lambdatest.TestScenario_3@70cf32e3] output={null}]]]>
              </value>
            </param>
          </params>
          <reporter-output>
          </reporter-output>
        </test-method> <!-- afterTest -->
      </class> <!-- com.lambdatest.TestScenario_3 -->
      <class name="com.lambdatest.TestScenario_2">
        <test-method is-config="true" signature="setup(java.lang.String,java.lang.String,java.lang.String,java.lang.reflect.Method)[pri:0, instance:com.lambdatest.TestScenario_2@66982506]" started-at="2025-12-27T11:50:53 IST" name="setup" finished-at="2025-12-27T11:51:06 IST" duration-ms="12853" status="PASS">
          <params>
            <param index="0">
              <value>
                <![CDATA[Firefox]]>
              </value>
            </param>
            <param index="1">
              <value>
                <![CDATA[Windows 10]]>
              </value>
            </param>
            <param index="2">
              <value>
                <![CDATA[latest]]>
              </value>
            </param>
            <param index="3">
              <value>
                <![CDATA[public void com.lambdatest.TestScenario_2.dragSliderTo95Test()]]>
              </value>
            </param>
          </params>
          <reporter-output>
          </reporter-output>
        </test-method> <!-- setup -->
        <test-method signature="dragSliderTo95Test()[pri:0, instance:com.lambdatest.TestScenario_2@66982506]" started-at="2025-12-27T11:51:06 IST" name="dragSliderTo95Test" finished-at="2025-12-27T11:51:08 IST" duration-ms="1853" status="PASS">
          <reporter-output>
          </reporter-output>
        </test-method> <!-- dragSliderTo95Test -->
        <test-method is-config="true" signature="tearDown()[pri:0, instance:com.lambdatest.TestScenario_2@66982506]" started-at="2025-12-27T11:51:08 IST" name="tearDown" finished-at="2025-12-27T11:51:09 IST" duration-ms="1189" status="PASS">
          <reporter-output>
          </reporter-output>
        </test-method> <!-- tearDown -->
      </class> <!-- com.lambdatest.TestScenario_2 -->
      <class name="com.lambdatest.TestScenario_1">
        <test-method is-config="true" signature="setup(java.lang.String,java.lang.String,java.lang.String,java.lang.reflect.Method)[pri:0, instance:com.lambdatest.TestScenario_1@72bc6553]" started-at="2025-12-27T11:50:36 IST" name="setup" finished-at="2025-12-27T11:50:50 IST" duration-ms="13967" status="PASS">
          <params>
            <param index="0">
              <value>
                <![CDATA[Firefox]]>
              </value>
            </param>
            <param index="1">
              <value>
                <![CDATA[Windows 10]]>
              </value>
            </param>
            <param index="2">
              <value>
                <![CDATA[latest]]>
              </value>
            </param>
            <param index="3">
              <value>
                <![CDATA[public void com.lambdatest.TestScenario_1.simpleFormDemoTest()]]>
              </value>
            </param>
          </params>
          <reporter-output>
          </reporter-output>
        </test-method> <!-- setup -->
        <test-method signature="simpleFormDemoTest()[pri:0, instance:com.lambdatest.TestScenario_1@72bc6553]" started-at="2025-12-27T11:50:50 IST" name="simpleFormDemoTest" finished-at="2025-12-27T11:50:52 IST" duration-ms="2112" status="PASS">
          <reporter-output>
          </reporter-output>
        </test-method> <!-- simpleFormDemoTest -->
        <test-method is-config="true" signature="tearDown()[pri:0, instance:com.lambdatest.TestScenario_1@72bc6553]" started-at="2025-12-27T11:50:52 IST" name="tearDown" finished-at="2025-12-27T11:50:53 IST" duration-ms="1057" status="PASS">
          <reporter-output>
          </reporter-output>
        </test-method> <!-- tearDown -->
      </class> <!-- com.lambdatest.TestScenario_1 -->
    </test> <!-- FirefoxTest -->
  </suite> <!-- ParallelTests -->
</testng-results>
