<?xml version="1.0" encoding="UTF-8"?>
<!-- Generated by org.testng.reporters.JUnitReportReporter -->
<testsuite hostname="DESKTOP-AACVGQJ" failures="0" tests="2" name="com.lambdatest.TestScenario_3" time="30.738" errors="0" timestamp="2025-12-27T11:51:25 IST" skipped="0">
  <testcase classname="com.lambdatest.TestScenario_3" name="inputFormSubmitTest" time="14.967"/>
  <testcase classname="com.lambdatest.TestScenario_3" name="inputFormSubmitTest" time="15.771"/>
</testsuite> <!-- com.lambdatest.TestScenario_3 -->
