<?xml version="1.0" encoding="UTF-8"?>
<!-- Generated by org.testng.reporters.JUnitReportReporter -->
<testsuite hostname="DESKTOP-AACVGQJ" failures="0" tests="2" name="com.lambdatest.TestScenario_1" time="29.337" errors="0" timestamp="2025-12-27T11:51:25 IST" skipped="0">
  <testcase classname="com.lambdatest.TestScenario_1" name="simpleFormDemoTest" time="17.136"/>
  <testcase classname="com.lambdatest.TestScenario_1" name="simpleFormDemoTest" time="12.201"/>
</testsuite> <!-- com.lambdatest.TestScenario_1 -->
