<?xml version="1.0" encoding="UTF-8"?>
<!-- Generated by org.testng.reporters.JUnitReportReporter -->
<testsuite hostname="DESKTOP-AACVGQJ" failures="0" tests="2" name="com.lambdatest.TestScenario_2" time="23.231" errors="0" timestamp="2025-12-27T11:51:25 IST" skipped="0">
  <testcase classname="com.lambdatest.TestScenario_2" name="dragSliderTo95Test" time="7.336"/>
  <testcase classname="com.lambdatest.TestScenario_2" name="dragSliderTo95Test" time="15.895"/>
</testsuite> <!-- com.lambdatest.TestScenario_2 -->
